===================================================
Persepolis Download Manager, 2023/05/11 10:53:55
2023-05-11 10:53:56,053 - Persepolis - INFO - chrome: Json file is created successfully.
persepolis executer file is created successfully.

2023-05-11 10:53:56,088 - Persepolis - INFO - chromium: Json file is created successfully.
persepolis executer file is created successfully.

2023-05-11 10:53:56,091 - Persepolis - INFO - opera: Json file is created successfully.
persepolis executer file is created successfully.

2023-05-11 10:53:56,093 - Persepolis - INFO - vivaldi: Json file is created successfully.
persepolis executer file is created successfully.

2023-05-11 10:53:56,106 - Persepolis - INFO - firefox: Json file is created successfully.
persepolis executer file is created successfully.

===================================================
Persepolis Download Manager, 2023/05/11 10:54:10
2023-05-11 10:54:10,832 - Persepolis - INFO - chrome: Json file is created successfully.
persepolis executer file is created successfully.

2023-05-11 10:54:10,834 - Persepolis - INFO - chromium: Json file is created successfully.
persepolis executer file is created successfully.

2023-05-11 10:54:10,837 - Persepolis - INFO - opera: Json file is created successfully.
persepolis executer file is created successfully.

2023-05-11 10:54:10,840 - Persepolis - INFO - vivaldi: Json file is created successfully.
persepolis executer file is created successfully.

2023-05-11 10:54:10,843 - Persepolis - INFO - firefox: Json file is created successfully.
persepolis executer file is created successfully.

===================================================
Persepolis Download Manager, 2023/05/27 03:14:53
2023-05-27 03:14:54,027 - Persepolis - INFO - chrome: Json file is created successfully.
persepolis executer file is created successfully.

2023-05-27 03:14:54,059 - Persepolis - INFO - chromium: Json file is created successfully.
persepolis executer file is created successfully.

2023-05-27 03:14:54,119 - Persepolis - INFO - opera: Json file is created successfully.
persepolis executer file is created successfully.

2023-05-27 03:14:54,218 - Persepolis - INFO - vivaldi: Json file is created successfully.
persepolis executer file is created successfully.

2023-05-27 03:14:54,233 - Persepolis - INFO - firefox: Json file is created successfully.
persepolis executer file is created successfully.

